BEGIN;
BEGIN
EXPLAIN (ANALYZE, BUFFERS)
select
	sum(l_extendedprice) / 7.0 as avg_yearly
from
	lineitem,
	part
where
	p_partkey = l_partkey
	and p_brand = 'Brand#25'
	and p_container = 'WRAP BAG'
	and l_quantity < (
		select
			0.2 * avg(l_quantity)
		from
			lineitem
		where
			l_partkey = p_partkey
	);
                                                                                               QUERY PLAN                                                                                               
--------------------------------------------------------------------------------------------------------------------------------------------------------------------------------------------------------
 Aggregate  (cost=355363.34..355363.35 rows=1 width=4) (actual time=597.071..597.071 rows=1 loops=1)
   Buffers: shared hit=56008 read=29106 dirtied=155
   ->  Nested Loop  (cost=130.19..355313.20 rows=20055 width=4) (actual time=1.210..596.119 rows=5462 loops=1)
         Buffers: shared hit=56008 read=29106 dirtied=155
         ->  Index Only Scan using part_p_container_p_brand_p_partkey_idx on part  (cost=0.43..7897.40 rows=2000 width=4) (actual time=0.178..12.350 rows=2034 loops=1)
               Index Cond: ((p_container = 'WRAP BAG'::bpchar) AND (p_brand = 'Brand#25'::bpchar))
               Heap Fetches: 2034
               Buffers: shared hit=1989 read=16
         ->  Index Scan using lineitem_l_partkey_l_quantity_l_shipmode_idx on lineitem  (cost=129.76..173.61 rows=10 width=12) (actual time=0.005..0.006 rows=3 loops=2034)
               Index Cond: ((l_partkey = part.p_partkey) AND (l_quantity < (SubPlan 1)))
               Buffers: shared hit=13640
               SubPlan 1
                 ->  Aggregate  (cost=129.19..129.20 rows=1 width=4) (actual time=0.277..0.278 rows=1 loops=2034)
                       Buffers: shared hit=40379 read=29090 dirtied=155
                       ->  Index Only Scan using lineitem_l_partkey_l_quantity_l_shipmode_idx on lineitem lineitem_1  (cost=0.56..129.11 rows=31 width=4) (actual time=0.029..0.269 rows=30 loops=2034)
                             Index Cond: (l_partkey = part.p_partkey)
                             Heap Fetches: 61035
                             Buffers: shared hit=40379 read=29090 dirtied=155
               SubPlan 1
                 ->  Aggregate  (cost=129.19..129.20 rows=1 width=4) (actual time=0.277..0.278 rows=1 loops=2034)
                       Buffers: shared hit=40379 read=29090 dirtied=155
                       ->  Index Only Scan using lineitem_l_partkey_l_quantity_l_shipmode_idx on lineitem lineitem_1  (cost=0.56..129.11 rows=31 width=4) (actual time=0.029..0.269 rows=30 loops=2034)
                             Index Cond: (l_partkey = part.p_partkey)
                             Heap Fetches: 61035
                             Buffers: shared hit=40379 read=29090 dirtied=155
 Planning time: 4.427 ms
 Execution time: 597.361 ms
(27 rows)

COMMIT;
COMMIT
