BEGIN;
BEGIN
EXPLAIN (ANALYZE, BUFFERS)
select
	sum(l_extendedprice) / 7.0 as avg_yearly
from
	lineitem,
	part
where
	p_partkey = l_partkey
	and p_brand = 'Brand#22'
	and p_container = 'WRAP PACK'
	and l_quantity < (
		select
			0.2 * avg(l_quantity)
		from
			lineitem
		where
			l_partkey = p_partkey
	);
                                                                                               QUERY PLAN                                                                                               
--------------------------------------------------------------------------------------------------------------------------------------------------------------------------------------------------------
 Aggregate  (cost=349869.15..349869.16 rows=1 width=4) (actual time=487.002..487.002 rows=1 loops=1)
   Buffers: shared hit=64320 read=18428 dirtied=111 written=1270
   ->  Nested Loop  (cost=130.19..349819.84 rows=19725 width=4) (actual time=0.790..486.192 rows=5325 loops=1)
         Buffers: shared hit=64320 read=18428 dirtied=111 written=1270
         ->  Index Only Scan using part_p_container_p_brand_p_partkey_idx on part  (cost=0.43..7776.83 rows=1969 width=4) (actual time=0.134..24.591 rows=1970 loops=1)
               Index Cond: ((p_container = 'WRAP PACK'::bpchar) AND (p_brand = 'Brand#22'::bpchar))
               Heap Fetches: 1970
               Buffers: shared read=1934 written=134
         ->  Index Scan using lineitem_l_partkey_l_quantity_l_shipmode_idx on lineitem  (cost=129.76..173.61 rows=10 width=12) (actual time=0.004..0.006 rows=3 loops=1970)
               Index Cond: ((l_partkey = part.p_partkey) AND (l_quantity < (SubPlan 1)))
               Buffers: shared hit=13245
               SubPlan 1
                 ->  Aggregate  (cost=129.19..129.20 rows=1 width=4) (actual time=0.225..0.225 rows=1 loops=1970)
                       Buffers: shared hit=51075 read=16494 dirtied=111 written=1136
                       ->  Index Only Scan using lineitem_l_partkey_l_quantity_l_shipmode_idx on lineitem lineitem_1  (cost=0.56..129.11 rows=31 width=4) (actual time=0.026..0.218 rows=30 loops=1970)
                             Index Cond: (l_partkey = part.p_partkey)
                             Heap Fetches: 59394
                             Buffers: shared hit=51075 read=16494 dirtied=111 written=1136
               SubPlan 1
                 ->  Aggregate  (cost=129.19..129.20 rows=1 width=4) (actual time=0.225..0.225 rows=1 loops=1970)
                       Buffers: shared hit=51075 read=16494 dirtied=111 written=1136
                       ->  Index Only Scan using lineitem_l_partkey_l_quantity_l_shipmode_idx on lineitem lineitem_1  (cost=0.56..129.11 rows=31 width=4) (actual time=0.026..0.218 rows=30 loops=1970)
                             Index Cond: (l_partkey = part.p_partkey)
                             Heap Fetches: 59394
                             Buffers: shared hit=51075 read=16494 dirtied=111 written=1136
 Planning time: 2.097 ms
 Execution time: 487.155 ms
(27 rows)

COMMIT;
COMMIT
